# JRE version: OpenJDK Runtime Environment (8.0_202-b03) (build 1.8.0_202-release-1483-b03)
# Java VM: OpenJDK 64-Bit Server VM (25.202-b03 mixed mode windows-amd64 compressed oops)
Heap:
 PSYoungGen      total 382464K, used 106626K [0x00000000e0000000, 0x0000000100000000, 0x0000000100000000)
  eden space 243200K, 41% used [0x00000000e0000000,0x00000000e6398b78,0x00000000eed80000)
  from space 139264K, 3% used [0x00000000eed80000,0x00000000ef208010,0x00000000f7580000)
  to   space 135680K, 0% used [0x00000000f7b80000,0x00000000f7b80000,0x0000000100000000)
 ParOldGen       total 310272K, used 163921K [0x00000000a0000000, 0x00000000b2f00000, 0x00000000e0000000)
  object space 310272K, 52% used [0x00000000a0000000,0x00000000aa014488,0x00000000b2f00000)
 Metaspace       used 88537K, capacity 92900K, committed 99800K, reserved 1136640K
  class space    used 11361K, capacity 12179K, committed 13056K, reserved 1048576K
GC Heap History (10 events):
Event: 3877.822 GC heap before
{Heap before GC invocations=41 (full 5):
 PSYoungGen      total 365056K, used 364592K [0x00000000e0000000, 0x0000000100000000, 0x0000000100000000)
  eden space 266240K, 100% used [0x00000000e0000000,0x00000000f0400000,0x00000000f0400000)
  from space 98816K, 99% used [0x00000000f0400000,0x00000000f640c1c8,0x00000000f6480000)
  to   space 137216K, 0% used [0x00000000f7a00000,0x00000000f7a00000,0x0000000100000000)
 ParOldGen       total 257024K, used 217758K [0x00000000a0000000, 0x00000000afb00000, 0x00000000e0000000)
  object space 257024K, 84% used [0x00000000a0000000,0x00000000ad4a7aa0,0x00000000afb00000)
 Metaspace       used 93404K, capacity 97606K, committed 97752K, reserved 1134592K
  class space    used 11855K, capacity 12716K, committed 12800K, reserved 1048576K
Event: 3877.935 GC heap after
Heap after GC invocations=41 (full 5):
 PSYoungGen      total 390144K, used 7472K [0x00000000e0000000, 0x0000000100000000, 0x0000000100000000)
  eden space 252928K, 0% used [0x00000000e0000000,0x00000000e0000000,0x00000000ef700000)
  from space 137216K, 5% used [0x00000000f7a00000,0x00000000f814c030,0x0000000100000000)
  to   space 134144K, 0% used [0x00000000ef700000,0x00000000ef700000,0x00000000f7a00000)
 ParOldGen       total 257024K, used 217774K [0x00000000a0000000, 0x00000000afb00000, 0x00000000e0000000)
  object space 257024K, 84% used [0x00000000a0000000,0x00000000ad4abaa0,0x00000000afb00000)
 Metaspace       used 93404K, capacity 97606K, committed 97752K, reserved 1134592K
  class space    used 11855K, capacity 12716K, committed 12800K, reserved 1048576K
}
Event: 3887.037 GC heap before
{Heap before GC invocations=42 (full 5):
 PSYoungGen      total 390144K, used 260400K [0x00000000e0000000, 0x0000000100000000, 0x0000000100000000)
  eden space 252928K, 100% used [0x00000000e0000000,0x00000000ef700000,0x00000000ef700000)
  from space 137216K, 5% used [0x00000000f7a00000,0x00000000f814c030,0x0000000100000000)
  to   space 134144K, 0% used [0x00000000ef700000,0x00000000ef700000,0x00000000f7a00000)
 ParOldGen       total 257024K, used 217774K [0x00000000a0000000, 0x00000000afb00000, 0x00000000e0000000)
  object space 257024K, 84% used [0x00000000a0000000,0x00000000ad4abaa0,0x00000000afb00000)
 Metaspace       used 94703K, capacity 99284K, committed 99416K, reserved 1136640K
  class space    used 12009K, capacity 12927K, committed 12928K, reserved 1048576K
Event: 3887.406 GC heap after
Heap after GC invocations=42 (full 5):
 PSYoungGen      total 265216K, used 11779K [0x00000000e0000000, 0x00000000ff400000, 0x0000000100000000)
  eden space 252928K, 0% used [0x00000000e0000000,0x00000000e0000000,0x00000000ef700000)
  from space 12288K, 95% used [0x00000000ef700000,0x00000000f0280ea8,0x00000000f0300000)
  to   space 129536K, 0% used [0x00000000f7580000,0x00000000f7580000,0x00000000ff400000)
 ParOldGen       total 257024K, used 224343K [0x00000000a0000000, 0x00000000afb00000, 0x00000000e0000000)
  object space 257024K, 87% used [0x00000000a0000000,0x00000000adb15e08,0x00000000afb00000)
 Metaspace       used 94703K, capacity 99284K, committed 99416K, reserved 1136640K
  class space    used 12009K, capacity 12927K, committed 12928K, reserved 1048576K
}
Event: 3897.701 GC heap before
{Heap before GC invocations=43 (full 5):
 PSYoungGen      total 265216K, used 264598K [0x00000000e0000000, 0x00000000ff400000, 0x0000000100000000)
  eden space 252928K, 99% used [0x00000000e0000000,0x00000000ef6e4a40,0x00000000ef700000)
  from space 12288K, 95% used [0x00000000ef700000,0x00000000f0280ea8,0x00000000f0300000)
  to   space 129536K, 0% used [0x00000000f7580000,0x00000000f7580000,0x00000000ff400000)
 ParOldGen       total 257024K, used 224343K [0x00000000a0000000, 0x00000000afb00000, 0x00000000e0000000)
  object space 257024K, 87% used [0x00000000a0000000,0x00000000adb15e08,0x00000000afb00000)
 Metaspace       used 94793K, capacity 99472K, committed 99800K, reserved 1136640K
  class space    used 12020K, capacity 12947K, committed 13056K, reserved 1048576K
Event: 3897.999 GC heap after
Heap after GC invocations=43 (full 5):
 PSYoungGen      total 372736K, used 88043K [0x00000000e0000000, 0x0000000100000000, 0x0000000100000000)
  eden space 243200K, 0% used [0x00000000e0000000,0x00000000e0000000,0x00000000eed80000)
  from space 129536K, 67% used [0x00000000f7580000,0x00000000fcb7aea0,0x00000000ff400000)
  to   space 139264K, 0% used [0x00000000eed80000,0x00000000eed80000,0x00000000f7580000)
 ParOldGen       total 257024K, used 230157K [0x00000000a0000000, 0x00000000afb00000, 0x00000000e0000000)
  object space 257024K, 89% used [0x00000000a0000000,0x00000000ae0c37a8,0x00000000afb00000)
 Metaspace       used 94793K, capacity 99472K, committed 99800K, reserved 1136640K
  class space    used 12020K, capacity 12947K, committed 13056K, reserved 1048576K
}
Event: 3898.023 GC heap before
{Heap before GC invocations=44 (full 6):
 PSYoungGen      total 372736K, used 88043K [0x00000000e0000000, 0x0000000100000000, 0x0000000100000000)
  eden space 243200K, 0% used [0x00000000e0000000,0x00000000e0000000,0x00000000eed80000)
  from space 129536K, 67% used [0x00000000f7580000,0x00000000fcb7aea0,0x00000000ff400000)
  to   space 139264K, 0% used [0x00000000eed80000,0x00000000eed80000,0x00000000f7580000)
 ParOldGen       total 257024K, used 230157K [0x00000000a0000000, 0x00000000afb00000, 0x00000000e0000000)
  object space 257024K, 89% used [0x00000000a0000000,0x00000000ae0c37a8,0x00000000afb00000)
 Metaspace       used 94793K, capacity 99472K, committed 99800K, reserved 1136640K
  class space    used 12020K, capacity 12947K, committed 13056K, reserved 1048576K
Event: 3912.059 GC heap after
Heap after GC invocations=44 (full 6):
 PSYoungGen      total 372736K, used 0K [0x00000000e0000000, 0x0000000100000000, 0x0000000100000000)
  eden space 243200K, 0% used [0x00000000e0000000,0x00000000e0000000,0x00000000eed80000)
  from space 129536K, 0% used [0x00000000f7580000,0x00000000f7580000,0x00000000ff400000)
  to   space 139264K, 0% used [0x00000000eed80000,0x00000000eed80000,0x00000000f7580000)
 ParOldGen       total 310272K, used 163913K [0x00000000a0000000, 0x00000000b2f00000, 0x00000000e0000000)
  object space 310272K, 52% used [0x00000000a0000000,0x00000000aa012488,0x00000000b2f00000)
 Metaspace       used 88130K, capacity 92370K, committed 99800K, reserved 1136640K
  class space    used 11322K, capacity 12110K, committed 13056K, reserved 1048576K
}
Event: 4300.673 GC heap before
{Heap before GC invocations=45 (full 6):
 PSYoungGen      total 372736K, used 243200K [0x00000000e0000000, 0x0000000100000000, 0x0000000100000000)
  eden space 243200K, 100% used [0x00000000e0000000,0x00000000eed80000,0x00000000eed80000)
  from space 129536K, 0% used [0x00000000f7580000,0x00000000f7580000,0x00000000ff400000)
  to   space 139264K, 0% used [0x00000000eed80000,0x00000000eed80000,0x00000000f7580000)
 ParOldGen       total 310272K, used 163913K [0x00000000a0000000, 0x00000000b2f00000, 0x00000000e0000000)
  object space 310272K, 52% used [0x00000000a0000000,0x00000000aa012488,0x00000000b2f00000)
 Metaspace       used 88381K, capacity 92706K, committed 99800K, reserved 1136640K
  class space    used 11353K, capacity 12166K, committed 13056K, reserved 1048576K
Event: 4300.751 GC heap after
Heap after GC invocations=45 (full 6):
 PSYoungGen      total 382464K, used 4640K [0x00000000e0000000, 0x0000000100000000, 0x0000000100000000)
  eden space 243200K, 0% used [0x00000000e0000000,0x00000000e0000000,0x00000000eed80000)
  from space 139264K, 3% used [0x00000000eed80000,0x00000000ef208010,0x00000000f7580000)
  to   space 135680K, 0% used [0x00000000f7b80000,0x00000000f7b80000,0x0000000100000000)
 ParOldGen       total 310272K, used 163921K [0x00000000a0000000, 0x00000000b2f00000, 0x00000000e0000000)
  object space 310272K, 52% used [0x00000000a0000000,0x00000000aa014488,0x00000000b2f00000)
 Metaspace       used 88381K, capacity 92706K, committed 99800K, reserved 1136640K
  class space    used 11353K, capacity 12166K, committed 13056K, reserved 1048576K
}

